C51 COMPILER V9.02   MAIN                                                                  03/01/2017 15:09:38 PAGE 1   


C51 COMPILER V9.02, COMPILATION OF MODULE MAIN
OBJECT MODULE PLACED IN ..\bin\main.obj
COMPILER INVOKED BY: C:\Keil\C51\BIN\C51.EXE ..\app\main.c BROWSE INCDIR(..\drv\offchip_drivers\include;..\drv\onchip_dr
                    -ivers\include;..\app\include;..\drv) DEBUG OBJECTEXTEND PRINT(.\main.lst) OBJECT(..\bin\main.obj)

line level    source

   1          
   2          /*Defining all Header files */
   3          
   4          #include<reg52.h>
   5          #include<lcd4bit.h>
   6          #include<delay.h>
   7          #include<adc.h>
   8          #include<uart.h>
   9          
  10          #define IN 1
  11          #define OUT 0
  12          #define OFF 0
  13          #define ON 1
  14          #define MOBILE_SMSNO "AT+CMGS=\"+919666333695\""
  15          
  16          
  17          
  18          sbit BUZZER = P0^0;
  19          sbit TX433_D0 = P0^4;
  20          sbit TX433_D1 = P0^5;
  21          sbit TX433_D2 = P0^6;
  22          sbit TX433_D3 = P0^7;
  23          
  24          sbit HELMET = P0^1;
  25          sbit ALCOHOL = P0^2;
  26          sbit TILT = P0^3;
  27          unsigned char  alchohal = 0;
  28          
  29          /*Program in AT89S52 will starts executes from here */
  30          
  31          void Main()
  32          {
  33   1      
  34   1              unsigned char helmet_status =0,alcohol_status = 0, tilt_status = 0,error =0;
  35   1              init_lcd();      
  36   1              init_UART();
  37   1      
  38   1      
  39   1              HELMET = 1;
  40   1              ALCOHOL = 1;
  41   1              TILT = 1;
  42   1      
  43   1              TX433_D0 = 1;
  44   1              TX433_D1 = 1;
  45   1              TX433_D2 = 1;
  46   1              TX433_D3 = 1;
  47   1      
  48   1              BUZZER = OUT;
  49   1              BUZZER = OFF;
  50   1                      lcd_clear();
  51   1              gotoxy_lcd(1, 1);
  52   1              print_lcd("Helmet For Road");
  53   1              gotoxy_lcd(1, 2);
  54   1              print_lcd("   Safety"); delay_ms(1000);
C51 COMPILER V9.02   MAIN                                                                  03/01/2017 15:09:38 PAGE 2   

  55   1              BUZZER = ON;
  56   1      
  57   1      
  58   1      
  59   1      
  60   1      
  61   1      
  62   1              
  63   1              BUZZER = OFF;           lcd_clear();
  64   1              
  65   1              while(1)
  66   1              {
  67   2              
  68   2                      
  69   2                      helmet_status = HELMET;
  70   2                      if(error == 0)
  71   2                      {
  72   3                              BUZZER = OFF;
  73   3                                      gotoxy_lcd(1, 1); print_lcd("Everthing OK");  delay_ms(1000);
  74   3      
  75   3                       
  76   3                      }                                                                                               
  77   2                      if(helmet_status == 1)
  78   2                      {
  79   3                              
  80   3                              BUZZER = ON; 
  81   3                              TX433_D0 = 1;   TX433_D3 = 1;   gotoxy_lcd(1, 1); print_lcd("No helmet.......");
  82   3      
  83   3                              delay_ms(250);   error = 1;
  84   3                              
  85   3                      }else error = 0;
  86   2      
  87   2         }
  88   1      
  89   1      }


MODULE INFORMATION:   STATIC OVERLAYABLE
   CODE SIZE        =    161    ----
   CONSTANT SIZE    =     56    ----
   XDATA SIZE       =   ----    ----
   PDATA SIZE       =   ----    ----
   DATA SIZE        =      1       4
   IDATA SIZE       =   ----    ----
   BIT SIZE         =   ----    ----
END OF MODULE INFORMATION.


C51 COMPILATION COMPLETE.  0 WARNING(S),  0 ERROR(S)
