C51 COMPILER V9.02   UART                                                                  03/01/2017 15:09:40 PAGE 1   


C51 COMPILER V9.02, COMPILATION OF MODULE UART
OBJECT MODULE PLACED IN ..\bin\uart.obj
COMPILER INVOKED BY: C:\Keil\C51\BIN\C51.EXE ..\drv\uart.c BROWSE INCDIR(..\drv\offchip_drivers\include;..\drv\onchip_dr
                    -ivers\include;..\app\include;..\drv) DEBUG OBJECTEXTEND PRINT(.\uart.lst) OBJECT(..\bin\uart.obj)

line level    source

   1          
   2          #include<reg52.h>
   3          #include <uart.h>
   4          
   5          void init_UART(void)
   6          {
   7   1              TMOD=0x20; // Timer 1 8 bit auto reload mode
   8   1              TH1=0xFD; // Baud rate 9600
   9   1              SCON=0x50;
  10   1              TR1=1;
  11   1              
  12   1      }
  13          
  14          void transmit_UARTDataByte(char tx_char)
  15          { 
  16   1                      SBUF    =       tx_char;
  17   1                      while(TI==0);
  18   1                      TI=0;
  19   1      }
  20          
  21          void transmit_UARTDataString(char *data_string)
  22          {
  23   1              
  24   1                      while(*data_string != '\0')
  25   1                      {
  26   2                              transmit_UARTDataByte(*data_string);    
  27   2                              data_string++;
  28   2                      }
  29   1                      
  30   1                      //transmit_UARTDataByte('\0');  // Biggest Mistake I Did :CN
  31   1                      
  32   1      }
  33          
  34          
  35          char receive_UARTDataByte(void)
  36          {
  37   1              char data_rec=0;
  38   1              
  39   1              while(RI==0);
  40   1              data_rec=SBUF;
  41   1              RI=0;
  42   1              return data_rec;
  43   1              
  44   1      }
  45          


MODULE INFORMATION:   STATIC OVERLAYABLE
   CODE SIZE        =     49    ----
   CONSTANT SIZE    =   ----    ----
   XDATA SIZE       =   ----    ----
   PDATA SIZE       =   ----    ----
   DATA SIZE        =   ----    ----
   IDATA SIZE       =   ----    ----
C51 COMPILER V9.02   UART                                                                  03/01/2017 15:09:40 PAGE 2   

   BIT SIZE         =   ----    ----
END OF MODULE INFORMATION.


C51 COMPILATION COMPLETE.  0 WARNING(S),  0 ERROR(S)
