C51 COMPILER V9.02   APP                                                                   02/07/2015 20:02:20 PAGE 1   


C51 COMPILER V9.02, COMPILATION OF MODULE APP
OBJECT MODULE PLACED IN ..\bin\app.obj
COMPILER INVOKED BY: C:\Keil\C51\BIN\C51.EXE ..\app\src\app.c BROWSE INCDIR(..\drv\offchip_drivers\include;..\drv\onchip
                    -_drivers\include;..\app\include) DEBUG OBJECTEXTEND PRINT(.\app.lst) OBJECT(..\bin\app.obj)

line level    source

   1          
   2          #include<reg52.h>
   3          #include<lcd4bit.h>
   4          #include<delay.h>
   5          #include<uart.h>
   6          #include<string.h>
   7          
   8          #define IN 0
   9          #define OUT 1
  10          #define LOCKED 0
  11          #define UNLOCKED 1
  12          
  13          
  14          sbit DOOR_PIN=P0^0;
  15          
  16          
  17          void print_status(unsigned char status);
  18          unsigned char data[15], i=0;
*** ERROR C141 IN LINE 18 OF ..\APP\SRC\APP.C: syntax error near '['
  19          unsigned char RFID[]="FE0044879AA7";
  20          void app(void)
  21          {
  22   1      DOOR_PIN = OUT;
  23   1      DOOR_PIN = LOCKED;
  24   1      gotoxy_lcd(1, 1);
  25   1      print_lcd("DOORS ");
  26   1      
  27   1      
  28   1      uart_init();
  29   1      
  30   1               while(uart_rx()!='\0')
  31   1                      {
  32   2                              data[i]=uart_rx();
*** ERROR C141 IN LINE 32 OF ..\APP\SRC\APP.C: syntax error near '['
  33   2                              i++;
  34   2              
  35   2                      }
  36   1      
  37   1                      if(strcmp(RFID,data) == 0)
*** ERROR C141 IN LINE 37 OF ..\APP\SRC\APP.C: syntax error near 'data'
  38   1                              {
  39   2                                      DOOR_PIN ^= 1;
  40   2                              }
  41   1                              print_status(DOOR_PIN);
  42   1                              
  43   1      }
  44          
  45          
  46          void print_status(unsigned char status)
  47          {
  48   1              gotoxy_lcd(7, 1);
  49   1              if(status != 0)
  50   1              {
  51   2                      print_lcd("UNLOCKED");
C51 COMPILER V9.02   APP                                                                   02/07/2015 20:02:20 PAGE 2   

  52   2              }
  53   1              else
  54   1              {
  55   2                      print_lcd("LOCKED  ");
  56   2              }
  57   1      }
  58          
  59          
  60          
  61          
  62          

C51 COMPILATION COMPLETE.  0 WARNING(S),  3 ERROR(S)
