C51 COMPILER V9.02   MAIN                                                                  02/25/2017 00:16:32 PAGE 1   


C51 COMPILER V9.02, COMPILATION OF MODULE MAIN
OBJECT MODULE PLACED IN ..\bin\main.obj
COMPILER INVOKED BY: C:\Keil\C51\BIN\C51.EXE ..\app\main.c BROWSE INCDIR(..\drv\offchip_drivers\include;..\drv\onchip_dr
                    -ivers\include;..\app\include;..\drv) DEBUG OBJECTEXTEND PRINT(.\main.lst) OBJECT(..\bin\main.obj)

line level    source

   1          
   2          /*Defining all Header files */
   3          #include <reg52.h>
   4          #include <lcd4bit.h>
   5          #include <delay.h>
   6          #include <uart.h>
   7          #include <rfid.h>
   8          #include <stdio.h>
   9          #include <stdlib.h>
  10          
  11          /*********** Macros are declared **************/
  12          
  13          #define RFID_TAG1 "4C006F28CCC7"
  14          #define RFID_TAG2 "4C006E8B9831"
  15          #define RFID_TAG3 "4C006E9F78C5"
  16          
  17          
  18          /*********** labels are declared **************/
  19          
  20          #define IN 1
  21          #define OUT 0
  22          
  23          /*********** PINS are defined **************/
  24          
  25          sbit RELAY1 = P0^0;
  26          
  27          /*********** Functions are declared **************/
  28          
  29          /*********** Global varibles are declared **************/
  30          
  31          /*Program in AT89S52 will starts executes from here */
  32          
  33          void main()
  34          {
  35   1              unsigned char number =10, status =0;
  36   1              init_lcd();
  37   1              init_UART();
  38   1      
  39   1              /**********123456789ABCDEF************ character sequence in 16x2 LCD Module*/
  40   1              RELAY1 = 1;
  41   1              RELAY1 =0;
  42   1              print_lcd("RFID STUDENTEXAM");
  43   1              gotoxy_lcd(1, 2);
  44   1              print_lcd("ATTENDACE SYSTEM");
  45   1              delay_ms(1000);
  46   1              
  47   1              lcd_clear();
  48   1              
  49   1              while(1)
  50   1              {       
  51   2              
  52   2                      gotoxy_lcd(1, 1);       
  53   2                      print_lcd("WELCOME TKR EXAM");
  54   2                      gotoxy_lcd(1, 2);
C51 COMPILER V9.02   MAIN                                                                  02/25/2017 00:16:32 PAGE 2   

  55   2                      print_lcd("SWIPE YOUR RFID");
  56   2                      scan_RFID();    
  57   2                              
  58   2                      if(rfid_compare(RFID_TAG1))
  59   2                      {
  60   3                              
  61   3                              lcd_clear();
  62   3                              print_lcd("17001 PRESENT");
  63   3                              delay_ms(1000);
  64   3                              status =1;
  65   3                      }
  66   2                      else if(rfid_compare(RFID_TAG2))
  67   2                      {
  68   3                              lcd_clear();
  69   3                              print_lcd("17002 PRESENT");
  70   3                              delay_ms(1000);
  71   3                      
  72   3                              status =1;
  73   3                      }
  74   2              
  75   2                      else
  76   2                      {
  77   3                              lcd_clear();
  78   3                              print_lcd("Invalid ID .....");
  79   3                              delay_ms(1000);
  80   3                      }
  81   2                       
  82   2                      if(status == 1)
  83   2                      {
  84   3                              number++;
  85   3                              number = number%8;
  86   3                              RELAY1 = 1;
  87   3                              lcd_clear();
  88   3                              
  89   3                              print_lcd("PLEASE TAKE");
  90   3                              gotoxy_lcd(1, 2);
  91   3                              if(number == 1)
  92   3                                      print_lcd("SEAT NO: 5");
  93   3                              else if(number == 2)
  94   3                                      print_lcd("SEAT NO: 1");
  95   3                              else if(number == 3)
  96   3                                      print_lcd("SEAT NO: 8");
  97   3                              else if(number == 4)
  98   3                                      print_lcd("SEAT NO: 10");
  99   3                              else if(number == 5)
 100   3                                      print_lcd("SEAT NO: 15");
 101   3                              else if(number == 6)
 102   3                                      print_lcd("SEAT NO: 22");
 103   3                              else if(number == 7)
 104   3                                      print_lcd("SEAT NO: 36");
 105   3                              else if(number == 7)
 106   3                                      print_lcd("SEAT NO: 42");
 107   3                              else
 108   3                                      print_lcd("SEAT NO: 49");
 109   3                              delay_ms(500);
 110   3                              RELAY1 = 0;
 111   3                              status =0;
 112   3                              
 113   3      
 114   3                      }
 115   2                      
 116   2              }
C51 COMPILER V9.02   MAIN                                                                  02/25/2017 00:16:32 PAGE 3   

 117   1      }
 118          
 119          


MODULE INFORMATION:   STATIC OVERLAYABLE
   CODE SIZE        =    322    ----
   CONSTANT SIZE    =    255    ----
   XDATA SIZE       =   ----    ----
   PDATA SIZE       =   ----    ----
   DATA SIZE        =   ----       2
   IDATA SIZE       =   ----    ----
   BIT SIZE         =   ----    ----
END OF MODULE INFORMATION.


C51 COMPILATION COMPLETE.  0 WARNING(S),  0 ERROR(S)
