C51 COMPILER V9.02   RFID                                                                  02/25/2017 00:16:32 PAGE 1   


C51 COMPILER V9.02, COMPILATION OF MODULE RFID
OBJECT MODULE PLACED IN ..\bin\rfid.obj
COMPILER INVOKED BY: C:\Keil\C51\BIN\C51.EXE ..\drv\rfid.c BROWSE INCDIR(..\drv\offchip_drivers\include;..\drv\onchip_dr
                    -ivers\include;..\app\include;..\drv) DEBUG OBJECTEXTEND PRINT(.\rfid.lst) OBJECT(..\bin\rfid.obj)

line level    source

   1          
   2          #include <rfid.h>
   3          #include <string.h>
   4          #include <uart.h>
   5          #include <stdio.h>
   6          #include <reg52.h>
   7          #include <delay.h>
   8          
   9          char rfid_data[12];
  10          
  11          void load_InitRFID(void)
  12          {
  13   1              
  14   1      }
  15          void scan_RFID(void)
  16          {
  17   1              char i;
  18   1              RI=0;delay_ms(1); RI=0;RI=0;RI=0;delay_ms(1);RI=0;
  19   1              for(i=0;i<=12;i++)
  20   1              {
  21   2                      rfid_data[i]= receive_UARTDataByte();
  22   2              }
  23   1              rfid_data[12]='\0';
  24   1      }
  25          
  26          
  27          char rfid_compare(char *rfid_db)
  28          {
  29   1              
  30   1              if(strcmp(rfid_db, rfid_data) == 0)
  31   1              {
  32   2                      return 1;
  33   2              }
  34   1              else
  35   1              {
  36   2                      return 0;
  37   2              }
  38   1      }


MODULE INFORMATION:   STATIC OVERLAYABLE
   CODE SIZE        =     83    ----
   CONSTANT SIZE    =   ----    ----
   XDATA SIZE       =   ----    ----
   PDATA SIZE       =   ----    ----
   DATA SIZE        =     12       4
   IDATA SIZE       =   ----    ----
   BIT SIZE         =   ----    ----
END OF MODULE INFORMATION.


C51 COMPILATION COMPLETE.  0 WARNING(S),  0 ERROR(S)
