C51 COMPILER V9.02   BLUETOOTH                                                             02/24/2017 17:50:11 PAGE 1   


C51 COMPILER V9.02, COMPILATION OF MODULE BLUETOOTH
OBJECT MODULE PLACED IN ..\bin\bluetooth.obj
COMPILER INVOKED BY: C:\Keil\C51\BIN\C51.EXE ..\drv\bluetooth.c BROWSE INCDIR(..\drv\offchip_drivers\include;..\drv\onch
                    -ip_drivers\include;..\app\include;..\drv) DEBUG OBJECTEXTEND PRINT(.\bluetooth.lst) OBJECT(..\bin\bluetooth.obj)

line level    source

   1          
   2          #include <bluetooth.h>
   3          #include <reg52.h>
   4          #include <string.h>
   5          #include <uart.h>
   6          
   7          char bt_data[10];
   8          
   9          void init_Bluetooth(void)
  10          {
  11   1              
  12   1      }
  13          
  14          void scan_BTData(void)
  15          {
  16   1              char i=0, data_byte=0;
  17   1              
  18   1              while(1)
  19   1              {
  20   2                      data_byte = receive_UARTDataByte();      
  21   2                      
  22   2                      bt_data[i]  = data_byte;
  23   2      
  24   2                      i++;
  25   2                      if(i>10)
  26   2                      {
  27   3                              i=0;
  28   3                      }
  29   2      
  30   2                      if (data_byte == '\r') break;
  31   2                      if (data_byte == '\n') break;
  32   2                      if (data_byte == '\0') break;
  33   2                      if (data_byte == '#') break;
  34   2              }
  35   1      
  36   1                      RI =0; RI =0;RI =0; RI =0;RI =0;   // to avoid storing junk data 
  37   1      
  38   1                      if(i!=0) bt_data[i-1]='\0';
  39   1      
  40   1      }
  41          
  42          char bt_DataCompare(char *bt_db)
  43          {
  44   1              
  45   1              if(strcmp(bt_data, bt_db) == 0)
  46   1              {
  47   2                      return 1;
  48   2              }
  49   1              else
  50   1              {
  51   2                      return 0;
  52   2              }
  53   1      }

C51 COMPILER V9.02   BLUETOOTH                                                             02/24/2017 17:50:11 PAGE 2   


MODULE INFORMATION:   STATIC OVERLAYABLE
   CODE SIZE        =     83    ----
   CONSTANT SIZE    =   ----    ----
   XDATA SIZE       =   ----    ----
   PDATA SIZE       =   ----    ----
   DATA SIZE        =     10       1
   IDATA SIZE       =   ----    ----
   BIT SIZE         =   ----    ----
END OF MODULE INFORMATION.


C51 COMPILATION COMPLETE.  0 WARNING(S),  0 ERROR(S)
