C51 COMPILER V9.02   MAIN                                                                  02/22/2017 21:23:41 PAGE 1   


C51 COMPILER V9.02, COMPILATION OF MODULE MAIN
OBJECT MODULE PLACED IN ..\bin\main.obj
COMPILER INVOKED BY: C:\Keil\C51\BIN\C51.EXE ..\app\main.c BROWSE INCDIR(..\drv\offchip_drivers\include;..\drv\onchip_dr
                    -ivers\include;..\app\include;..\drv) DEBUG OBJECTEXTEND PRINT(.\main.lst) OBJECT(..\bin\main.obj)

line level    source

   1          
   2          /*Defining all Header files */
   3          
   4          #include<reg52.h>
   5          #include<lcd4bit.h>
   6          #include<delay.h>
   7          #include<adc.h>
   8          #include <uart.h>
   9          
  10          #include <motor_control.h>
  11          
  12          #define IN 1
  13          #define OUT 0
  14          
  15          
  16          
  17          /*Program in AT89S52 will starts executes from here */
  18          
  19          char op;
  20          
  21          void main()
  22          {
  23   1      
  24   1      
  25   1              init_lcd();
  26   1              bot_Init();
  27   1              lcd_clear();
  28   1              init_UART();
  29   1      
  30   1              gotoxy_lcd(1, 1);
  31   1              print_lcd("Pick and Place");
  32   1              gotoxy_lcd(1, 2);
  33   1              print_lcd(" BT Robot");
  34   1              
  35   1              delay_sec(1);
  36   1              
  37   1              lcd_clear();
  38   1              print_lcd("Start BT :-)");
  39   1              bot_Stop();
  40   1              bot_PickStop();
  41   1              bot_ArmStop();
  42   1      
  43   1              while(1)
  44   1              {
  45   2                      
  46   2                      op = receive_UARTDataByte();
  47   2                      if(op == 'F')
  48   2                      {
  49   3                              bot_MoveForward();      
  50   3                              gotoxy_lcd(1, 1);
  51   3                              print_lcd("Moving FORWARD...  ");
  52   3                      
  53   3                      }
  54   2                      else if(op == 'B')
C51 COMPILER V9.02   MAIN                                                                  02/22/2017 21:23:41 PAGE 2   

  55   2                      {
  56   3                              bot_MoveBackward();     
  57   3                              gotoxy_lcd(1, 1);
  58   3                              print_lcd("Moving BACKWARD...  ");
  59   3                      }
  60   2                      else if(op == 'L')
  61   2                      {
  62   3                              bot_MoveForwardLeft();
  63   3                              gotoxy_lcd(1, 1);
  64   3                              print_lcd("Moving Left...    ");
  65   3                      }
  66   2      
  67   2                      else if(op == 'R')
  68   2                      {
  69   3                              bot_MoveForwardRight();
  70   3                              gotoxy_lcd(1, 1);
  71   3                              print_lcd("Moving Right...  ");
  72   3                      }
  73   2                      else if(op == 'S') 
  74   2                      {
  75   3                              bot_Stop();
  76   3                              gotoxy_lcd(1, 1);
  77   3                              print_lcd("BOT Stopped.....    ");
  78   3                      }
  79   2      
  80   2                      if(op == 'D')
  81   2                      {
  82   3                              bot_ArmUp();
  83   3                              gotoxy_lcd(1, 2);
  84   3                              print_lcd("Hand Move UP.....");
  85   3                      }
  86   2                      else if(op == 'E')
  87   2                      {        
  88   3                              bot_ArmDown();
  89   3                              gotoxy_lcd(1, 2);
  90   3                              print_lcd("Hand Move Down.....");
  91   3                      }
  92   2      
  93   2                      if(op == 'O')
  94   2                      {
  95   3                              bot_PickOpen();
  96   3                              gotoxy_lcd(1, 2);
  97   3                              print_lcd("Pick Open......");
  98   3                      }
  99   2                      else if(op == 'P')
 100   2                      {
 101   3                              bot_PickClose();
 102   3                              gotoxy_lcd(1, 2);
 103   3                              print_lcd("Pick Close......");
 104   3                      }                       
 105   2              
 106   2                      if(op == 'Z')
 107   2                      {
 108   3                              bot_PickStop();
 109   3                              bot_ArmStop();
 110   3                              gotoxy_lcd(1, 2);
 111   3                              print_lcd("ARM & PICK STPD");
 112   3                      }
 113   2              
 114   2              }
 115   1      }

C51 COMPILER V9.02   MAIN                                                                  02/22/2017 21:23:41 PAGE 3   


MODULE INFORMATION:   STATIC OVERLAYABLE
   CODE SIZE        =    319    ----
   CONSTANT SIZE    =    224    ----
   XDATA SIZE       =   ----    ----
   PDATA SIZE       =   ----    ----
   DATA SIZE        =      1    ----
   IDATA SIZE       =   ----    ----
   BIT SIZE         =   ----    ----
END OF MODULE INFORMATION.


C51 COMPILATION COMPLETE.  0 WARNING(S),  0 ERROR(S)
