C51 COMPILER V9.02   DELAY                                                                 03/10/2017 15:48:58 PAGE 1   


C51 COMPILER V9.02, COMPILATION OF MODULE DELAY
OBJECT MODULE PLACED IN ..\bin\delay.obj
COMPILER INVOKED BY: C:\Keil\C51\BIN\C51.EXE ..\drv\onchip_drivers\src\delay.c BROWSE INCDIR(..\drv\offchip_drivers\incl
                    -ude;..\drv\onchip_drivers\include;..\app\include;..\drv) DEBUG OBJECTEXTEND PRINT(.\delay.lst) OBJECT(..\bin\delay.obj)

line level    source

   1          
   2          
   3          
   4          /*Delay function is seperatly declared here */
   5          unsigned int set_delay_temp=0;
   6          
   7          int delay_ms(unsigned int msec)
   8          {
   9   1      unsigned int x,y;
  10   1      for(x=0;x<msec;x++)
  11   1      for(y=0;y<1000;y++);
  12   1      return 0;
  13   1      }
  14          int delay_sec(unsigned char sec)
  15          {
  16   1      
  17   1      set_delay_temp = 1000*sec;
  18   1      delay_ms(set_delay_temp);
  19   1      return 0;
  20   1      }
  21          
  22          int delay_min(unsigned char min)
  23          {
  24   1      set_delay_temp = 60*min;
  25   1      delay_sec(set_delay_temp);
  26   1      return 0;
  27   1      }


MODULE INFORMATION:   STATIC OVERLAYABLE
   CODE SIZE        =     73    ----
   CONSTANT SIZE    =   ----    ----
   XDATA SIZE       =   ----    ----
   PDATA SIZE       =   ----    ----
   DATA SIZE        =      2    ----
   IDATA SIZE       =   ----    ----
   BIT SIZE         =   ----    ----
END OF MODULE INFORMATION.


C51 COMPILATION COMPLETE.  0 WARNING(S),  0 ERROR(S)
