C51 COMPILER V9.02   MAIN                                                                  03/10/2017 15:48:57 PAGE 1   


C51 COMPILER V9.02, COMPILATION OF MODULE MAIN
OBJECT MODULE PLACED IN ..\bin\main.obj
COMPILER INVOKED BY: C:\Keil\C51\BIN\C51.EXE ..\app\main.c BROWSE INCDIR(..\drv\offchip_drivers\include;..\drv\onchip_dr
                    -ivers\include;..\app\include;..\drv) DEBUG OBJECTEXTEND PRINT(.\main.lst) OBJECT(..\bin\main.obj)

line level    source

   1          
   2          /*Defining all Header files */
   3          
   4          #include<reg52.h>
   5          #include<lcd4bit.h>
   6          #include<delay.h>
   7          #include<adc.h>
   8          
   9          #include <motor_control.h>
  10          
  11          #define IN 1
  12          #define OUT 0
  13          
  14          sbit DTMF_EST = P2^0;
  15          sbit DTMF_D0 = P2^1;
  16          sbit DTMF_D1 = P2^2;
  17          sbit DTMF_D2 = P2^3;
  18          sbit DTMF_D3 = P2^4;
  19          /*Program in AT89S52 will starts executes from here */
  20          
  21          
  22          char dtmf_data;
  23          void main()
  24          {
  25   1              init_lcd();
  26   1              bot_Init();
  27   1              lcd_clear();
  28   1      
  29   1                DTMF_EST = IN;
  30   1                DTMF_D0 =  IN;
  31   1                DTMF_D0 = IN;
  32   1                DTMF_D0 = IN; 
  33   1                DTMF_D0 = IN;
  34   1      
  35   1              gotoxy_lcd(1, 1);
  36   1              print_lcd("Mobile Operated");
  37   1              gotoxy_lcd(1, 2);
  38   1              print_lcd("DTMF Spy Robot");
  39   1              
  40   1              delay_sec(1);
  41   1              lcd_clear();
  42   1              
  43   1              
  44   1              
  45   1              while(1)
  46   1              {
  47   2      
  48   2                              
  49   2                              if(DTMF_D2 ==0 && DTMF_D1 == 0 && DTMF_D0 == 1)
  50   2                              {
  51   3                                      dtmf_data = 1;   
  52   3                              }                                         
  53   2      
  54   2                              else if(DTMF_D2 ==0 && DTMF_D1 == 1 && DTMF_D0 == 0)
C51 COMPILER V9.02   MAIN                                                                  03/10/2017 15:48:57 PAGE 2   

  55   2                              {
  56   3                                      dtmf_data = 2;   
  57   3                              }
  58   2                              else if(DTMF_D2 ==0 && DTMF_D1 == 1 && DTMF_D0 == 1)
  59   2                              {
  60   3                                      dtmf_data = 3;   
  61   3                              }
  62   2                              else if(DTMF_D2 ==1 && DTMF_D1 ==0  && DTMF_D0 == 0)
  63   2                              {
  64   3                                      dtmf_data = 4;   
  65   3                              }
  66   2              
  67   2      
  68   2                      if(dtmf_data == 1)
  69   2                      {
  70   3                              bot_MoveForward();      
  71   3                              gotoxy_lcd(1, 1);
  72   3                              print_lcd("Moving FORWARD...  ");
  73   3                      }
  74   2      
  75   2                      else if(dtmf_data == 2)
  76   2                      {
  77   3                              bot_MoveForwardLeft();
  78   3                              gotoxy_lcd(1, 1);
  79   3                              print_lcd("Moving Left...    ");
  80   3                      }
  81   2      
  82   2                      else if(dtmf_data == 3)
  83   2                      {
  84   3                              bot_MoveForwardRight();
  85   3                              gotoxy_lcd(1, 1);
  86   3                              print_lcd("Moving Right...  ");
  87   3                      }
  88   2      
  89   2                      else if(dtmf_data == 4)
  90   2                      {
  91   3                              bot_MoveBackward();
  92   3                              gotoxy_lcd(1, 1);
  93   3                              print_lcd("Moving Right...  ");
  94   3                      }
  95   2      
  96   2                      else
  97   2                      {
  98   3                              bot_Stop();
  99   3                              gotoxy_lcd(1, 1);
 100   3                              print_lcd("BOT Stopped.....    ");
 101   3                      }
 102   2              
 103   2              }
 104   1      }


MODULE INFORMATION:   STATIC OVERLAYABLE
   CODE SIZE        =    231    ----
   CONSTANT SIZE    =    109    ----
   XDATA SIZE       =   ----    ----
   PDATA SIZE       =   ----    ----
   DATA SIZE        =      1    ----
   IDATA SIZE       =   ----    ----
   BIT SIZE         =   ----    ----
END OF MODULE INFORMATION.


C51 COMPILATION COMPLETE.  0 WARNING(S),  0 ERROR(S)
