C51 COMPILER V9.02   MOTOR_CONTROL                                                         03/01/2017 11:05:15 PAGE 1   


C51 COMPILER V9.02, COMPILATION OF MODULE MOTOR_CONTROL
OBJECT MODULE PLACED IN ..\bin\motor_control.obj
COMPILER INVOKED BY: C:\Keil\C51\BIN\C51.EXE ..\drv\motor_control.c BROWSE INCDIR(..\drv\offchip_drivers\include;..\drv\
                    -onchip_drivers\include;..\app\include;..\drv) DEBUG OBJECTEXTEND PRINT(.\motor_control.lst) OBJECT(..\bin\motor_control.
                    -obj)

line level    source

   1          #include <motor_control.h>
   2          #include<reg52.h>
   3          
   4          sbit M00 = P0^0;
   5          sbit M01 = P0^1;
   6          sbit M10 = P0^2;
   7          sbit M11 = P0^3;
   8           
   9           void bot_Init(void)
  10           {
  11   1              M00 = 0;
  12   1              M01 = 0;
  13   1              M10 = 0;
  14   1              M11 = 0;
  15   1       }
  16           void bot_Start(void)
  17           {
  18   1      
  19   1       }
  20          
  21            void bot_Stop(void)
  22           {
  23   1              M00 = 0;
  24   1              M01 = 0;
  25   1              M10 = 0;
  26   1              M11 = 0;
  27   1       }
  28          
  29           void bot_MoveForward(void)
  30           {
  31   1              M00 = 1;
  32   1              M01 = 0;
  33   1              M10 = 1;
  34   1              M11 = 0;
  35   1       }
  36          
  37           void bot_MoveBackward(void)
  38           {
  39   1              M00 = 0;
  40   1              M01 = 1;
  41   1              M10 = 0;
  42   1              M11 = 1;
  43   1       }
  44           void bot_MoveForwardRight(void)
  45           {
  46   1              M00 = 0;
  47   1              M01 = 0;
  48   1              M10 = 1;
  49   1              M11 = 0;
  50   1       }
  51           void bot_MoveForwardLeft(void)
  52          {
  53   1                      M00 = 0;
C51 COMPILER V9.02   MOTOR_CONTROL                                                         03/01/2017 11:05:15 PAGE 2   

  54   1                      M01 = 0;
  55   1                      M10 = 1;
  56   1                      M11 = 0;
  57   1      }
  58          
  59          
  60          void bot_MoveBackwardRight(void)
  61           {
  62   1              M00 = 0;
  63   1              M01 = 1;
  64   1              M10 = 0;
  65   1              M11 = 1;
  66   1       }
  67          
  68           void bot_MoveBackwardLeft(void)
  69           {
  70   1              M00 = 0;
  71   1              M01 = 1;
  72   1              M10 = 0;
  73   1              M11 = 1;
  74   1       }


MODULE INFORMATION:   STATIC OVERLAYABLE
   CODE SIZE        =     73    ----
   CONSTANT SIZE    =   ----    ----
   XDATA SIZE       =   ----    ----
   PDATA SIZE       =   ----    ----
   DATA SIZE        =   ----    ----
   IDATA SIZE       =   ----    ----
   BIT SIZE         =   ----    ----
END OF MODULE INFORMATION.


C51 COMPILATION COMPLETE.  0 WARNING(S),  0 ERROR(S)
