C51 COMPILER V9.02   ADC                                                                   03/01/2017 19:37:36 PAGE 1   


C51 COMPILER V9.02, COMPILATION OF MODULE ADC
OBJECT MODULE PLACED IN ..\bin\adc.obj
COMPILER INVOKED BY: C:\Keil\C51\BIN\C51.EXE ..\drv\offchip_drivers\src\adc.c BROWSE INCDIR(..\drv\offchip_drivers\inclu
                    -de;..\drv\onchip_drivers\include;..\app\include;..\drv) DEBUG OBJECTEXTEND PRINT(.\adc.lst) OBJECT(..\bin\adc.obj)

line level    source

   1          
   2          
   3          #include<delay.h>
   4          #include<reg52.h>
   5          #include<adc.h>
   6          
   7          
   8          #define adc_data P0
   9          #define ADC_CONTROL P2
  10          
  11          sbit ALE        =P2^3;
  12          sbit SC         =P2^6;
  13          sbit EOC        =P2^4;
  14          sbit OE         =P2^5;
  15          
  16          sbit A0         =P2^0;
  17          sbit A1         =P2^1;
  18          sbit A2         =P2^2;
  19          
  20          
  21          void adc_0808ClockInit()
  22          {
  23   1              
  24   1      }
  25          
  26          void adc_0808Init(void)
  27          {
  28   1              adc_data=0xff;
  29   1              ALE=0;
  30   1              SC=0;
  31   1              EOC=1;
  32   1              OE=0;
  33   1      }
  34          
  35          unsigned char adc_0808GetChannelData(unsigned char adc_channel)
  36          {
  37   1              unsigned int out=0;
  38   1      //      A0=a;
  39   1      //      A1=b;
  40   1      //      A2=c;
  41   1      
  42   1               P2 |= (0x07 & adc_channel);
  43   1      
  44   1      
  45   1              ALE=1;
  46   1              SC=1;
  47   1              ALE=0;
  48   1              SC=0;
  49   1              while(EOC==0);
  50   1              OE=1;
  51   1              out=adc_data;
  52   1              OE=0;
  53   1              return out;
  54   1      }
C51 COMPILER V9.02   ADC                                                                   03/01/2017 19:37:36 PAGE 2   

  55          
  56          
  57          
  58          
  59          


MODULE INFORMATION:   STATIC OVERLAYABLE
   CODE SIZE        =     41    ----
   CONSTANT SIZE    =   ----    ----
   XDATA SIZE       =   ----    ----
   PDATA SIZE       =   ----    ----
   DATA SIZE        =   ----    ----
   IDATA SIZE       =   ----    ----
   BIT SIZE         =   ----    ----
END OF MODULE INFORMATION.


C51 COMPILATION COMPLETE.  0 WARNING(S),  0 ERROR(S)
