C51 COMPILER V9.02   ADC                                                                   02/08/2015 13:46:34 PAGE 1   


C51 COMPILER V9.02, COMPILATION OF MODULE ADC
OBJECT MODULE PLACED IN ..\bin\adc.obj
COMPILER INVOKED BY: C:\Keil\C51\BIN\C51.EXE ..\drv\offchip_drivers\src\adc.c BROWSE INCDIR(..\drv\offchip_drivers\inclu
                    -de;..\drv\onchip_drivers\include;..\app\include) DEBUG OBJECTEXTEND PRINT(.\adc.lst) OBJECT(..\bin\adc.obj)

line level    source

   1          
   2          
   3          #include<delay.h>
   4          #include<reg52.h>
   5          #define adc_data P0
   6          sbit ALE        =P2^0;
   7          sbit SC         =P2^1;
   8          sbit EOC        =P2^2;
   9          sbit OE         =P2^3;
  10          sbit A0         =P2^4;
  11          sbit A1         =P2^5;
  12          sbit A2         =P2^6;
  13          
  14          unsigned int out;
  15          
  16          unsigned char adc_read(unsigned char a, unsigned char b, unsigned char c)
  17          {
  18   1      
  19   1              A0=a;
  20   1              A1=b;
  21   1              A2=c;
  22   1              ALE=1;
  23   1              SC=1;
  24   1              ALE=0;
  25   1              SC=0;
  26   1              while(EOC==0);
  27   1              OE=1;
  28   1              out=adc_data;
  29   1              OE=0;
  30   1              return(out);
  31   1      }
  32          
  33          void adc_init(void)
  34          {
  35   1              adc_data=0xff;
  36   1              ALE=0;
  37   1              SC=0;
  38   1              EOC=1;
  39   1              OE=0;
  40   1      }


MODULE INFORMATION:   STATIC OVERLAYABLE
   CODE SIZE        =     50    ----
   CONSTANT SIZE    =   ----    ----
   XDATA SIZE       =   ----    ----
   PDATA SIZE       =   ----    ----
   DATA SIZE        =      2    ----
   IDATA SIZE       =   ----    ----
   BIT SIZE         =   ----    ----
END OF MODULE INFORMATION.


C51 COMPILATION COMPLETE.  0 WARNING(S),  0 ERROR(S)
