C51 COMPILER V9.02   MOTOR_CONTROL                                                         03/01/2017 21:31:39 PAGE 1   


C51 COMPILER V9.02, COMPILATION OF MODULE MOTOR_CONTROL
OBJECT MODULE PLACED IN ..\bin\motor_control.obj
COMPILER INVOKED BY: C:\Keil\C51\BIN\C51.EXE ..\drv\motor_control.c BROWSE INCDIR(..\drv\offchip_drivers\include;..\drv\
                    -onchip_drivers\include;..\app\include;..\drv) DEBUG OBJECTEXTEND PRINT(.\motor_control.lst) OBJECT(..\bin\motor_control.
                    -obj)

line level    source

   1          #include <motor_control.h>
   2          #include<reg52.h>
   3          
   4          sbit M00 = P0^0;
   5          sbit M01 = P0^1;
   6          sbit M10 = P0^2;
   7          sbit M11 = P0^3;
   8           
   9           void bot_Init(void)
  10           {
  11   1              M00 = 0;
  12   1              M01 = 0;
  13   1              M10 = 0;
  14   1              M11 = 0;
  15   1              bot_Stop();
  16   1       }
  17           void bot_Start(void)
  18           {
  19   1      
  20   1       }
  21          
  22            void bot_Stop(void)
  23           {
  24   1              M00 = 0;
  25   1              M01 = 0;
  26   1              M10 = 0;
  27   1              M11 = 0;
  28   1       }
  29          
  30           void bot_MoveForward(void)
  31           {
  32   1              M00 = 1;
  33   1              M01 = 0;
  34   1              M10 = 1;
  35   1              M11 = 0;
  36   1       }
  37          
  38           void bot_MoveBackward(void)
  39           {
  40   1              M00 = 0;
  41   1              M01 = 1;
  42   1              M10 = 0;
  43   1              M11 = 1;
  44   1       }
  45           void bot_MoveForwardRight(void)
  46           {
  47   1              M00 = 0;
  48   1              M01 = 0;
  49   1              M10 = 1;
  50   1              M11 = 0;
  51   1       }
  52           void bot_MoveForwardLeft(void)
  53          {
C51 COMPILER V9.02   MOTOR_CONTROL                                                         03/01/2017 21:31:39 PAGE 2   

  54   1                      M00 = 0;
  55   1                      M01 = 0;
  56   1                      M10 = 1;
  57   1                      M11 = 0;
  58   1      }
  59          
  60          
  61          void bot_MoveBackwardRight(void)
  62           {
  63   1              M00 = 0;
  64   1              M01 = 1;
  65   1              M10 = 0;
  66   1              M11 = 1;
  67   1       }
  68          
  69           void bot_MoveBackwardLeft(void)
  70           {
  71   1              M00 = 0;
  72   1              M01 = 1;
  73   1              M10 = 0;
  74   1              M11 = 1;
  75   1       }


MODULE INFORMATION:   STATIC OVERLAYABLE
   CODE SIZE        =     75    ----
   CONSTANT SIZE    =   ----    ----
   XDATA SIZE       =   ----    ----
   PDATA SIZE       =   ----    ----
   DATA SIZE        =   ----    ----
   IDATA SIZE       =   ----    ----
   BIT SIZE         =   ----    ----
END OF MODULE INFORMATION.


C51 COMPILATION COMPLETE.  0 WARNING(S),  0 ERROR(S)
