C51 COMPILER V9.02   ADC                                                                   03/01/2017 15:01:19 PAGE 1   


C51 COMPILER V9.02, COMPILATION OF MODULE ADC
OBJECT MODULE PLACED IN ..\bin\adc.obj
COMPILER INVOKED BY: C:\Keil\C51\BIN\C51.EXE ..\drv\offchip_drivers\src\adc.c BROWSE INCDIR(..\drv\offchip_drivers\inclu
                    -de;..\drv\onchip_drivers\include;..\app\include;..\drv) DEBUG OBJECTEXTEND PRINT(.\adc.lst) OBJECT(..\bin\adc.obj)

line level    source

   1          
   2          
   3          #include<delay.h>
   4          #include<reg52.h>
   5          #define adc_data P0
   6          #define ADC_CONTROL P2
   7          
   8          sbit ALE        =P2^0;
   9          sbit SC         =P2^1;
  10          sbit EOC        =P2^2;
  11          sbit OE         =P2^3;
  12          
  13          sbit A0         =P2^4;
  14          sbit A1         =P2^5;
  15          sbit A2         =P2^6;
  16          
  17          
  18          void adc_0808ClockInit()
  19          {
  20   1              
  21   1      }
  22          
  23          void adc_0808Init(void)
  24          {
  25   1              adc_data=0xff;
  26   1              ALE=0;
  27   1              SC=0;
  28   1              EOC=1;
  29   1              OE=0;
  30   1      }
  31          
  32          unsigned char adc_0808GetChannelData(unsigned char adc_channel)
  33          {
  34   1              unsigned int out=0;
  35   1      //      A0=a;
  36   1      //      A1=b;
  37   1      //      A2=c;
  38   1      
  39   1               ADC_CONTROL |= (0x07 & adc_channel);
  40   1      
  41   1      
  42   1              ALE=1;
  43   1              SC=1;
  44   1              ALE=0;
  45   1              SC=0;
  46   1              while(EOC==0);
  47   1              OE=1;
  48   1              out=adc_data;
  49   1              OE=0;
  50   1              return out;
  51   1      }
  52          
  53          
  54          
C51 COMPILER V9.02   ADC                                                                   03/01/2017 15:01:19 PAGE 2   

  55          
  56          


MODULE INFORMATION:   STATIC OVERLAYABLE
   CODE SIZE        =     41    ----
   CONSTANT SIZE    =   ----    ----
   XDATA SIZE       =   ----    ----
   PDATA SIZE       =   ----    ----
   DATA SIZE        =   ----    ----
   IDATA SIZE       =   ----    ----
   BIT SIZE         =   ----    ----
END OF MODULE INFORMATION.


C51 COMPILATION COMPLETE.  0 WARNING(S),  0 ERROR(S)
