C51 COMPILER V9.02   APP                                                                   02/01/2015 18:18:17 PAGE 1   


C51 COMPILER V9.02, COMPILATION OF MODULE APP
OBJECT MODULE PLACED IN ..\bin\app.obj
COMPILER INVOKED BY: C:\Keil\C51\BIN\C51.EXE ..\app\src\app.c BROWSE INCDIR(..\drv\offchip_drivers\include;..\drv\onchip
                    -_drivers\include;..\app\include) DEBUG OBJECTEXTEND PRINT(.\app.lst) OBJECT(..\bin\app.obj)

line level    source

   1          
   2          
   3          #include<reg52.h>
   4          #include<lcd4bit.h>
   5          #include<delay.h>
   6          #define ON 1
   7          #define OFF 0
   8          #define IN 1
   9          #define OUT 0
  10          
  11          sbit IR_PIN_IN = P0^0;
  12          sbit LDR_PIN_IN = P0^1;
  13          sbit RELAY_PIN_OUT = P0^2;
  14          
  15          
  16          
  17          void app(void)
  18          {
  19   1      RELAY_PIN_OUT = OUT;
  20   1      IR_PIN_IN = IN;
  21   1      LDR_PIN_IN = IN;
  22   1      
  23   1               while(1)
  24   1               {
  25   2      
  26   2                      if(LDR_PIN_IN == OFF || IR_PIN_IN==OFF)
  27   2                      {
  28   3              
  29   3                              RELAY_PIN_OUT = ON;
  30   3                              gotoxy_lcd(14, 1);
  31   3                              print_lcd("ON ");
  32   3                              delay_sec(10);
  33   3      
  34   3                      }
  35   2              else
  36   2                      {
  37   3                              RELAY_PIN_OUT = OFF;
  38   3                              gotoxy_lcd(14, 1);
  39   3                              print_lcd("OFF");
  40   3                      }
  41   2              
  42   2              }
  43   1              
  44   1      
  45   1      }


MODULE INFORMATION:   STATIC OVERLAYABLE
   CODE SIZE        =     57    ----
   CONSTANT SIZE    =      8    ----
   XDATA SIZE       =   ----    ----
   PDATA SIZE       =   ----    ----
   DATA SIZE        =   ----    ----
   IDATA SIZE       =   ----    ----
C51 COMPILER V9.02   APP                                                                   02/01/2015 18:18:17 PAGE 2   

   BIT SIZE         =   ----    ----
END OF MODULE INFORMATION.


C51 COMPILATION COMPLETE.  0 WARNING(S),  0 ERROR(S)
